Traceback (most recent call last):
  File "/usr/share/miniconda3/envs/mu4mes03/lib/python3.8/site-packages/jupyter_cache/executors/utils.py", line 58, in single_nb_execution
    executenb(
  File "/usr/share/miniconda3/envs/mu4mes03/lib/python3.8/site-packages/nbclient/client.py", line 1305, in execute
    return NotebookClient(nb=nb, resources=resources, km=km, **kwargs).execute()
  File "/usr/share/miniconda3/envs/mu4mes03/lib/python3.8/site-packages/jupyter_core/utils/__init__.py", line 165, in wrapped
    return loop.run_until_complete(inner)
  File "/usr/share/miniconda3/envs/mu4mes03/lib/python3.8/asyncio/base_events.py", line 616, in run_until_complete
    return future.result()
  File "/usr/share/miniconda3/envs/mu4mes03/lib/python3.8/site-packages/nbclient/client.py", line 705, in async_execute
    await self.async_execute_cell(
  File "/usr/share/miniconda3/envs/mu4mes03/lib/python3.8/site-packages/nbclient/client.py", line 1058, in async_execute_cell
    await self._check_raise_for_error(cell, cell_index, exec_reply)
  File "/usr/share/miniconda3/envs/mu4mes03/lib/python3.8/site-packages/nbclient/client.py", line 914, in _check_raise_for_error
    raise CellExecutionError.from_cell_and_msg(cell, exec_reply_content)
nbclient.exceptions.CellExecutionError: An error occurred while executing the following cell:
------------------
from sympy import (Function, Symbol, Derivative, Eq, symbols, simplify, integrate, Matrix, Array, latex,
                   dsolve, sin, cos, collect, tensorcontraction,tensorproduct, derive_by_array)
import matplotlib.pyplot as plt
import numpy as np
import sympy
------------------


[0;31m---------------------------------------------------------------------------[0m
[0;31mTypeError[0m                                 Traceback (most recent call last)
Cell [0;32mIn[1], line 3[0m
[1;32m      1[0m [38;5;28;01mfrom[39;00m [38;5;21;01msympy[39;00m [38;5;28;01mimport[39;00m (Function, Symbol, Derivative, Eq, symbols, simplify, integrate, Matrix, Array, latex,
[1;32m      2[0m                    dsolve, sin, cos, collect, tensorcontraction,tensorproduct, derive_by_array)
[0;32m----> 3[0m [38;5;28;01mimport[39;00m [38;5;21;01mmatplotlib[39;00m[38;5;21;01m.[39;00m[38;5;21;01mpyplot[39;00m [38;5;28;01mas[39;00m [38;5;21;01mplt[39;00m
[1;32m      4[0m [38;5;28;01mimport[39;00m [38;5;21;01mnumpy[39;00m [38;5;28;01mas[39;00m [38;5;21;01mnp[39;00m
[1;32m      5[0m [38;5;28;01mimport[39;00m [38;5;21;01msympy[39;00m

File [0;32m/usr/share/miniconda3/envs/mu4mes03/lib/python3.8/site-packages/matplotlib/__init__.py:129[0m
[1;32m    125[0m [38;5;28;01mfrom[39;00m [38;5;21;01mpackaging[39;00m[38;5;21;01m.[39;00m[38;5;21;01mversion[39;00m [38;5;28;01mimport[39;00m parse [38;5;28;01mas[39;00m parse_version
[1;32m    127[0m [38;5;66;03m# cbook must import matplotlib only within function[39;00m
[1;32m    128[0m [38;5;66;03m# definitions, so it is safe to import from it here.[39;00m
[0;32m--> 129[0m [38;5;28;01mfrom[39;00m [38;5;21;01m.[39;00m [38;5;28;01mimport[39;00m _api, _version, cbook, _docstring, rcsetup
[1;32m    130[0m [38;5;28;01mfrom[39;00m [38;5;21;01mmatplotlib[39;00m[38;5;21;01m.[39;00m[38;5;21;01mcbook[39;00m [38;5;28;01mimport[39;00m sanitize_sequence
[1;32m    131[0m [38;5;28;01mfrom[39;00m [38;5;21;01mmatplotlib[39;00m[38;5;21;01m.[39;00m[38;5;21;01m_api[39;00m [38;5;28;01mimport[39;00m MatplotlibDeprecationWarning

File [0;32m/usr/share/miniconda3/envs/mu4mes03/lib/python3.8/site-packages/matplotlib/rcsetup.py:28[0m
[1;32m     26[0m [38;5;28;01mfrom[39;00m [38;5;21;01mmatplotlib[39;00m[38;5;21;01m.[39;00m[38;5;21;01mcbook[39;00m [38;5;28;01mimport[39;00m ls_mapper
[1;32m     27[0m [38;5;28;01mfrom[39;00m [38;5;21;01mmatplotlib[39;00m[38;5;21;01m.[39;00m[38;5;21;01mcolors[39;00m [38;5;28;01mimport[39;00m Colormap, is_color_like
[0;32m---> 28[0m [38;5;28;01mfrom[39;00m [38;5;21;01mmatplotlib[39;00m[38;5;21;01m.[39;00m[38;5;21;01m_fontconfig_pattern[39;00m [38;5;28;01mimport[39;00m parse_fontconfig_pattern
[1;32m     29[0m [38;5;28;01mfrom[39;00m [38;5;21;01mmatplotlib[39;00m[38;5;21;01m.[39;00m[38;5;21;01m_enums[39;00m [38;5;28;01mimport[39;00m JoinStyle, CapStyle
[1;32m     31[0m [38;5;66;03m# Don't let the original cycler collide with our validating cycler[39;00m

File [0;32m/usr/share/miniconda3/envs/mu4mes03/lib/python3.8/site-packages/matplotlib/_fontconfig_pattern.py:15[0m
[1;32m     12[0m [38;5;28;01mfrom[39;00m [38;5;21;01mfunctools[39;00m [38;5;28;01mimport[39;00m lru_cache, partial
[1;32m     13[0m [38;5;28;01mimport[39;00m [38;5;21;01mre[39;00m
[0;32m---> 15[0m [38;5;28;01mfrom[39;00m [38;5;21;01mpyparsing[39;00m [38;5;28;01mimport[39;00m (
[1;32m     16[0m     Group, Optional, ParseException, Regex, StringEnd, Suppress, ZeroOrMore)
[1;32m     18[0m [38;5;28;01mfrom[39;00m [38;5;21;01mmatplotlib[39;00m [38;5;28;01mimport[39;00m _api
[1;32m     21[0m _family_punc [38;5;241m=[39m [38;5;124mr[39m[38;5;124m'[39m[38;5;130;01m\\[39;00m[38;5;124m\[39m[38;5;124m-:,[39m[38;5;124m'[39m

File [0;32m/usr/share/miniconda3/envs/mu4mes03/lib/python3.8/site-packages/pyparsing/__init__.py:129[0m
[1;32m    126[0m __versionTime__ [38;5;241m=[39m __version_time__
[1;32m    127[0m __author__ [38;5;241m=[39m [38;5;124m"[39m[38;5;124mPaul McGuire <ptmcg.gm+pyparsing@gmail.com>[39m[38;5;124m"[39m
[0;32m--> 129[0m [38;5;28;01mfrom[39;00m [38;5;21;01m.[39;00m[38;5;21;01mutil[39;00m [38;5;28;01mimport[39;00m [38;5;241m*[39m
[1;32m    130[0m [38;5;28;01mfrom[39;00m [38;5;21;01m.[39;00m[38;5;21;01mexceptions[39;00m [38;5;28;01mimport[39;00m [38;5;241m*[39m
[1;32m    131[0m [38;5;28;01mfrom[39;00m [38;5;21;01m.[39;00m[38;5;21;01mactions[39;00m [38;5;28;01mimport[39;00m [38;5;241m*[39m

File [0;32m/usr/share/miniconda3/envs/mu4mes03/lib/python3.8/site-packages/pyparsing/util.py:14[0m
[1;32m     10[0m _bslash [38;5;241m=[39m [38;5;28mchr[39m([38;5;241m92[39m)
[1;32m     11[0m C [38;5;241m=[39m TypeVar([38;5;124m"[39m[38;5;124mC[39m[38;5;124m"[39m, bound[38;5;241m=[39mCallable)
[0;32m---> 14[0m [38;5;28;01mclass[39;00m [38;5;21;01m__config_flags[39;00m:
[1;32m     15[0m [38;5;250m    [39m[38;5;124;03m"""Internal class for defining compatibility and debugging flags"""[39;00m
[1;32m     17[0m     _all_names: [38;5;28mlist[39m[[38;5;28mstr[39m] [38;5;241m=[39m []

File [0;32m/usr/share/miniconda3/envs/mu4mes03/lib/python3.8/site-packages/pyparsing/util.py:17[0m, in [0;36m__config_flags[0;34m()[0m
[1;32m     14[0m [38;5;28;01mclass[39;00m [38;5;21;01m__config_flags[39;00m:
[1;32m     15[0m [38;5;250m    [39m[38;5;124;03m"""Internal class for defining compatibility and debugging flags"""[39;00m
[0;32m---> 17[0m     _all_names: [38;5;28;43mlist[39;49m[43m[[49m[38;5;28;43mstr[39;49m[43m][49m [38;5;241m=[39m []
[1;32m     18[0m     _fixed_names: [38;5;28mlist[39m[[38;5;28mstr[39m] [38;5;241m=[39m []
[1;32m     19[0m     _type_desc [38;5;241m=[39m [38;5;124m"[39m[38;5;124mconfiguration[39m[38;5;124m"[39m

[0;31mTypeError[0m: 'type' object is not subscriptable

